\BOOKMARK [1][-]{section.1}{Minimum-Variance-Portfolio}{}% 1
\BOOKMARK [2][-]{subsection.1.1}{Theory}{section.1}% 2
\BOOKMARK [2][-]{subsection.1.2}{Solving the system of linear equations}{section.1}% 3
\BOOKMARK [2][-]{subsection.1.3}{in-sample Sharpe ratio}{section.1}% 4
\BOOKMARK [2][-]{subsection.1.4}{out-sample Sharpe ratio}{section.1}% 5
\BOOKMARK [2][-]{subsection.1.5}{Implementation}{section.1}% 6
\BOOKMARK [2][-]{subsection.1.6}{Datasets and data preparation}{section.1}% 7
\BOOKMARK [3][-]{subsubsection.1.6.1}{Computing the in-sample Sharpe ratio}{subsection.1.6}% 8
\BOOKMARK [2][-]{subsection.1.7}{Computing the out-sample Sharpe ratio}{section.1}% 9
\BOOKMARK [2][-]{subsection.1.8}{Discussion}{section.1}% 10
\BOOKMARK [3][-]{subsubsection.1.8.1}{Graphical Analysis}{subsection.1.8}% 11
\BOOKMARK [1][-]{section.2}{Bayes-Stein-Portfolio}{}% 12
\BOOKMARK [2][-]{subsection.2.1}{Theory}{section.2}% 13
\BOOKMARK [2][-]{subsection.2.2}{Execution}{section.2}% 14
\BOOKMARK [2][-]{subsection.2.3}{Discussion}{section.2}% 15
\BOOKMARK [1][-]{section.3}{Sample-based mean-variance-Portfolio}{}% 16
\BOOKMARK [2][-]{subsection.3.1}{Theory}{section.3}% 17
\BOOKMARK [2][-]{subsection.3.2}{Execution}{section.3}% 18
\BOOKMARK [2][-]{subsection.3.3}{Discussion}{section.3}% 19
\BOOKMARK [1][-]{section*.6}{References}{}% 20
